<?xml version="1.0" encoding="UTF-8"?>
<!-- Generated by org.testng.reporters.JUnitReportReporter -->
<testsuite skipped="0" hostname="DESKTOP-VC1PAC3" name="com.api.tests.DeleteAPITest" tests="1" failures="0" timestamp="24 Feb 2019 15:10:33 GMT" time="0.849" errors="0">
  <testcase name="deleteAPITest" time="0.849" classname="com.api.tests.DeleteAPITest"/>
</testsuite> <!-- com.api.tests.DeleteAPITest -->
