<?xml version="1.0" encoding="UTF-8"?>
<!-- Generated by org.testng.reporters.JUnitReportReporter -->
<testsuite skipped="0" hostname="DESKTOP-VC1PAC3" name="com.api.tests.GetAPITest" tests="2" failures="0" timestamp="24 Feb 2019 15:10:33 GMT" time="1.540" errors="0">
  <testcase name="getAPITestWithoutHeaders" time="0.663" classname="com.api.tests.GetAPITest"/>
  <testcase name="getAPITestWithHeaders" time="0.877" classname="com.api.tests.GetAPITest"/>
</testsuite> <!-- com.api.tests.GetAPITest -->
