<?xml version="1.0" encoding="UTF-8"?>
<!-- Generated by org.testng.reporters.JUnitReportReporter -->
<testsuite skipped="0" hostname="DESKTOP-VC1PAC3" name="com.api.tests.PostAPITest" tests="1" failures="0" timestamp="24 Feb 2019 15:10:33 GMT" time="4.367" errors="0">
  <testcase name="postAPITest" time="4.367" classname="com.api.tests.PostAPITest"/>
</testsuite> <!-- com.api.tests.PostAPITest -->
